<?xml version="1.0" encoding="UTF-8" ?>
<testsuite tests="4" failures="0" name="Test.MybatisTest" time="1.354" errors="0" skipped="0">
  <properties>
[...]
</properties>
  <testcase classname="Test.MybatisTest" name="deleteEmployeeTest" time="1.331"/>
  <testcase classname="Test.MybatisTest" name="findByIdTest" time="0.012"/>
  <testcase classname="Test.MybatisTest" name="insertEmployeeTest" time="0.005"/>
  <testcase classname="Test.MybatisTest" name="updateEmployeeTest" time="0.006"/>
</testsuite>